[1221/103352.737:ERROR:crash_report_database_win.cc(496)] failed to stat report
[1221/103352.738:ERROR:crash_report_database_win.cc(496)] failed to stat report
[1221/103352.738:ERROR:crash_report_database_win.cc(496)] failed to stat report
[1221/103352.738:ERROR:crash_report_database_win.cc(496)] failed to stat report
[1221/103352.738:ERROR:crash_report_database_win.cc(496)] failed to stat report
[1221/103352.738:ERROR:crash_report_database_win.cc(496)] failed to stat report
[1221/103352.738:ERROR:crash_report_database_win.cc(496)] failed to stat report
[1221/103352.738:ERROR:crash_report_database_win.cc(496)] failed to stat report
[1221/103352.738:ERROR:crash_report_database_win.cc(496)] failed to stat report
[1221/103352.738:ERROR:crash_report_database_win.cc(496)] failed to stat report
[1221/103352.742:ERROR:crash_report_database_win.cc(496)] failed to stat report
[1221/103352.742:ERROR:crash_report_database_win.cc(496)] failed to stat report
[1221/103352.742:ERROR:crash_report_database_win.cc(496)] failed to stat report
[1221/103352.742:ERROR:crash_report_database_win.cc(496)] failed to stat report
[1221/103352.742:ERROR:crash_report_database_win.cc(496)] failed to stat report
[1221/103352.742:ERROR:crash_report_database_win.cc(496)] failed to stat report
[1221/103352.742:ERROR:crash_report_database_win.cc(496)] failed to stat report
[1221/103352.742:ERROR:crash_report_database_win.cc(496)] failed to stat report
[1221/103352.742:ERROR:crash_report_database_win.cc(496)] failed to stat report
[1221/103352.742:ERROR:crash_report_database_win.cc(496)] failed to stat report
[1221/103352.742:ERROR:crash_report_database_win.cc(496)] failed to stat report
[1221/103352.742:ERROR:crash_report_database_win.cc(496)] failed to stat report
[1221/103352.742:ERROR:crash_report_database_win.cc(496)] failed to stat report
[1221/103352.742:ERROR:crash_report_database_win.cc(496)] failed to stat report
[1221/103352.742:ERROR:crash_report_database_win.cc(496)] failed to stat report
[1221/103352.742:ERROR:crash_report_database_win.cc(496)] failed to stat report
[1221/103352.742:ERROR:crash_report_database_win.cc(496)] failed to stat report
[1221/103352.742:ERROR:crash_report_database_win.cc(496)] failed to stat report
[1221/103352.742:ERROR:crash_report_database_win.cc(496)] failed to stat report
[1221/103352.742:ERROR:crash_report_database_win.cc(496)] failed to stat report
[1221/103352.742:ERROR:crash_report_database_win.cc(496)] failed to stat report
[1221/103352.742:ERROR:crash_report_database_win.cc(496)] failed to stat report
[1221/103352.742:ERROR:crash_report_database_win.cc(496)] failed to stat report
[1221/103352.742:ERROR:crash_report_database_win.cc(496)] failed to stat report
[1221/103352.742:ERROR:crash_report_database_win.cc(496)] failed to stat report
[1221/104352.740:ERROR:crash_report_database_win.cc(496)] failed to stat report
[1221/104352.740:ERROR:crash_report_database_win.cc(496)] failed to stat report
[1221/104352.740:ERROR:crash_report_database_win.cc(496)] failed to stat report
[1221/104352.740:ERROR:crash_report_database_win.cc(496)] failed to stat report
[1221/104352.740:ERROR:crash_report_database_win.cc(496)] failed to stat report
[1221/104352.740:ERROR:crash_report_database_win.cc(496)] failed to stat report
[1221/104352.740:ERROR:crash_report_database_win.cc(496)] failed to stat report
[1221/104352.740:ERROR:crash_report_database_win.cc(496)] failed to stat report
[1221/104352.740:ERROR:crash_report_database_win.cc(496)] failed to stat report
[1221/104352.740:ERROR:crash_report_database_win.cc(496)] failed to stat report
[1221/104352.740:ERROR:crash_report_database_win.cc(496)] failed to stat report
[1221/104352.740:ERROR:crash_report_database_win.cc(496)] failed to stat report
[1221/104352.740:ERROR:crash_report_database_win.cc(496)] failed to stat report
[1221/104352.740:ERROR:crash_report_database_win.cc(496)] failed to stat report
[1221/104352.740:ERROR:crash_report_database_win.cc(496)] failed to stat report
[1221/104352.740:ERROR:crash_report_database_win.cc(496)] failed to stat report
[1221/104352.740:ERROR:crash_report_database_win.cc(496)] failed to stat report
[1221/104352.740:ERROR:crash_report_database_win.cc(496)] failed to stat report
[1221/104352.740:ERROR:crash_report_database_win.cc(496)] failed to stat report
[1221/104352.740:ERROR:crash_report_database_win.cc(496)] failed to stat report
[1221/104352.740:ERROR:crash_report_database_win.cc(496)] failed to stat report
[1221/104352.740:ERROR:crash_report_database_win.cc(496)] failed to stat report
[1221/104352.740:ERROR:crash_report_database_win.cc(496)] failed to stat report
[1221/104352.740:ERROR:crash_report_database_win.cc(496)] failed to stat report
[1221/104352.740:ERROR:crash_report_database_win.cc(496)] failed to stat report
[1221/104352.740:ERROR:crash_report_database_win.cc(496)] failed to stat report
[1221/104352.740:ERROR:crash_report_database_win.cc(496)] failed to stat report
[1221/104352.740:ERROR:crash_report_database_win.cc(496)] failed to stat report
[1221/104352.740:ERROR:crash_report_database_win.cc(496)] failed to stat report
[1221/104352.740:ERROR:crash_report_database_win.cc(496)] failed to stat report
[1221/104352.740:ERROR:crash_report_database_win.cc(496)] failed to stat report
[1221/104352.740:ERROR:crash_report_database_win.cc(496)] failed to stat report
[1221/104352.740:ERROR:crash_report_database_win.cc(496)] failed to stat report
[1221/104352.740:ERROR:crash_report_database_win.cc(496)] failed to stat report
[1221/104352.740:ERROR:crash_report_database_win.cc(496)] failed to stat report
[1221/104352.740:ERROR:filesystem_win.cc(116)] GetFileAttributes C:\Users\matth\AppData\Local\Google\Chrome\User Data\Crashpad\reports\7ffff5a4-bc4a-4a25-9f2a-759f2b218d6f.dmp: The system cannot find the file specified. (0x2)
[1221/104352.740:ERROR:filesystem_win.cc(116)] GetFileAttributes C:\Users\matth\AppData\Local\Google\Chrome\User Data\Crashpad\reports\cbaaa2c5-f515-4bde-b00e-2d50cc981475.dmp: The system cannot find the file specified. (0x2)
[1221/104352.740:ERROR:filesystem_win.cc(116)] GetFileAttributes C:\Users\matth\AppData\Local\Google\Chrome\User Data\Crashpad\reports\213605c0-ac4e-43dc-89c8-380c4a3da7f2.dmp: The system cannot find the file specified. (0x2)
[1221/104352.740:ERROR:filesystem_win.cc(116)] GetFileAttributes C:\Users\matth\AppData\Local\Google\Chrome\User Data\Crashpad\reports\264e5466-cdc4-4c87-a584-a03f9c658f08.dmp: The system cannot find the file specified. (0x2)
[1221/104352.740:ERROR:filesystem_win.cc(116)] GetFileAttributes C:\Users\matth\AppData\Local\Google\Chrome\User Data\Crashpad\reports\af9d883c-f4b8-4be4-8fe4-bbf1c814bade.dmp: The system cannot find the file specified. (0x2)
[1221/104352.740:ERROR:filesystem_win.cc(116)] GetFileAttributes C:\Users\matth\AppData\Local\Google\Chrome\User Data\Crashpad\reports\29cbb390-f6f7-4655-9dca-995b1fcefd5c.dmp: The system cannot find the file specified. (0x2)
[1221/104352.740:ERROR:filesystem_win.cc(116)] GetFileAttributes C:\Users\matth\AppData\Local\Google\Chrome\User Data\Crashpad\reports\7bc59f27-5531-4c0f-a84f-009f43ce5823.dmp: The system cannot find the file specified. (0x2)
[1221/104352.740:ERROR:filesystem_win.cc(116)] GetFileAttributes C:\Users\matth\AppData\Local\Google\Chrome\User Data\Crashpad\reports\21ed26af-85e1-4aee-b384-0e2c5e275488.dmp: The system cannot find the file specified. (0x2)
[1221/104352.740:ERROR:filesystem_win.cc(116)] GetFileAttributes C:\Users\matth\AppData\Local\Google\Chrome\User Data\Crashpad\reports\e48e9d95-97b2-48f7-848d-d63269843844.dmp: The system cannot find the file specified. (0x2)
[1221/104352.740:ERROR:filesystem_win.cc(116)] GetFileAttributes C:\Users\matth\AppData\Local\Google\Chrome\User Data\Crashpad\reports\19d61691-072e-474a-b3fa-1845835b134d.dmp: The system cannot find the file specified. (0x2)
[1221/104352.740:ERROR:filesystem_win.cc(116)] GetFileAttributes C:\Users\matth\AppData\Local\Google\Chrome\User Data\Crashpad\reports\a38bfced-62ae-43c3-9df1-ebf7f72bb09e.dmp: The system cannot find the file specified. (0x2)
[1221/104352.740:ERROR:filesystem_win.cc(116)] GetFileAttributes C:\Users\matth\AppData\Local\Google\Chrome\User Data\Crashpad\reports\da5ef7df-4c80-474d-8278-2d3860f2fa7f.dmp: The system cannot find the file specified. (0x2)
[1221/104352.740:ERROR:filesystem_win.cc(116)] GetFileAttributes C:\Users\matth\AppData\Local\Google\Chrome\User Data\Crashpad\reports\931b6df3-bccc-49f6-96b3-42712fb1bbf9.dmp: The system cannot find the file specified. (0x2)
[1221/104352.740:ERROR:filesystem_win.cc(116)] GetFileAttributes C:\Users\matth\AppData\Local\Google\Chrome\User Data\Crashpad\reports\884a9ff6-3c1a-484e-a0d9-0db59ef96a06.dmp: The system cannot find the file specified. (0x2)
[1221/104352.740:ERROR:filesystem_win.cc(116)] GetFileAttributes C:\Users\matth\AppData\Local\Google\Chrome\User Data\Crashpad\reports\3869cd5a-c187-4586-9742-0a8d91edbee2.dmp: The system cannot find the file specified. (0x2)
[1221/104352.740:ERROR:filesystem_win.cc(116)] GetFileAttributes C:\Users\matth\AppData\Local\Google\Chrome\User Data\Crashpad\reports\e0958f16-4805-4e26-ae17-bc159d650f33.dmp: The system cannot find the file specified. (0x2)
[1221/104352.740:ERROR:filesystem_win.cc(116)] GetFileAttributes C:\Users\matth\AppData\Local\Google\Chrome\User Data\Crashpad\reports\7e2d58f2-f2d8-49a1-93df-9576e9dac43d.dmp: The system cannot find the file specified. (0x2)
[1221/104352.740:ERROR:filesystem_win.cc(116)] GetFileAttributes C:\Users\matth\AppData\Local\Google\Chrome\User Data\Crashpad\reports\f25af894-c1b4-4459-a3aa-0c8650626176.dmp: The system cannot find the file specified. (0x2)
[1221/104352.740:ERROR:filesystem_win.cc(116)] GetFileAttributes C:\Users\matth\AppData\Local\Google\Chrome\User Data\Crashpad\reports\e4945e1c-ab5a-488f-ab02-8de7d70962ca.dmp: The system cannot find the file specified. (0x2)
[1221/104352.740:ERROR:filesystem_win.cc(116)] GetFileAttributes C:\Users\matth\AppData\Local\Google\Chrome\User Data\Crashpad\reports\96f3f3cb-a8ad-4c6b-a8eb-e4a2c303ab77.dmp: The system cannot find the file specified. (0x2)
[1221/104352.740:ERROR:filesystem_win.cc(116)] GetFileAttributes C:\Users\matth\AppData\Local\Google\Chrome\User Data\Crashpad\reports\f1ade7ec-4d36-43cc-8695-4f5a44960dc3.dmp: The system cannot find the file specified. (0x2)
[1221/104352.740:ERROR:filesystem_win.cc(116)] GetFileAttributes C:\Users\matth\AppData\Local\Google\Chrome\User Data\Crashpad\reports\5b336794-af49-43f8-8e3a-e52a1d97eb8f.dmp: The system cannot find the file specified. (0x2)
[1221/104352.740:ERROR:filesystem_win.cc(116)] GetFileAttributes C:\Users\matth\AppData\Local\Google\Chrome\User Data\Crashpad\reports\e64a6c44-ebda-4878-9c98-726e978aeff7.dmp: The system cannot find the file specified. (0x2)
[1221/104352.740:ERROR:filesystem_win.cc(116)] GetFileAttributes C:\Users\matth\AppData\Local\Google\Chrome\User Data\Crashpad\reports\b531074e-5ea9-49de-a38a-57e021ef3e03.dmp: The system cannot find the file specified. (0x2)
[1221/104352.740:ERROR:filesystem_win.cc(116)] GetFileAttributes C:\Users\matth\AppData\Local\Google\Chrome\User Data\Crashpad\reports\4895c496-9e07-4cbb-9503-2c8b1f4d85c7.dmp: The system cannot find the file specified. (0x2)
[1221/104352.740:ERROR:filesystem_win.cc(116)] GetFileAttributes C:\Users\matth\AppData\Local\Google\Chrome\User Data\Crashpad\reports\6bb8eaed-0163-451c-bfbe-db2c597cea4e.dmp: The system cannot find the file specified. (0x2)
[1221/104352.740:ERROR:filesystem_win.cc(116)] GetFileAttributes C:\Users\matth\AppData\Local\Google\Chrome\User Data\Crashpad\reports\c57c7796-b4f2-43d4-b693-7f89fcc2f57b.dmp: The system cannot find the file specified. (0x2)
[1221/104352.740:ERROR:filesystem_win.cc(116)] GetFileAttributes C:\Users\matth\AppData\Local\Google\Chrome\User Data\Crashpad\reports\f095c76d-3a4c-4170-8898-75eee8d01d51.dmp: The system cannot find the file specified. (0x2)
[1221/104352.740:ERROR:filesystem_win.cc(116)] GetFileAttributes C:\Users\matth\AppData\Local\Google\Chrome\User Data\Crashpad\reports\c41e7ddc-4cbf-43d0-bf6a-0bc1c645d976.dmp: The system cannot find the file specified. (0x2)
[1221/104352.740:ERROR:filesystem_win.cc(116)] GetFileAttributes C:\Users\matth\AppData\Local\Google\Chrome\User Data\Crashpad\reports\598f3c85-d04e-4e32-b17b-7e8ba30ec5ac.dmp: The system cannot find the file specified. (0x2)
[1221/104352.740:ERROR:filesystem_win.cc(116)] GetFileAttributes C:\Users\matth\AppData\Local\Google\Chrome\User Data\Crashpad\reports\05554799-ad38-4d44-b86e-1ee57f54fb4a.dmp: The system cannot find the file specified. (0x2)
[1221/104352.740:ERROR:filesystem_win.cc(116)] GetFileAttributes C:\Users\matth\AppData\Local\Google\Chrome\User Data\Crashpad\reports\10f7ab2c-a687-4f0b-a669-fd1cc91db579.dmp: The system cannot find the file specified. (0x2)
[1221/104352.740:ERROR:filesystem_win.cc(116)] GetFileAttributes C:\Users\matth\AppData\Local\Google\Chrome\User Data\Crashpad\reports\62bb6750-872a-47a3-aa19-3fc1c004c2b3.dmp: The system cannot find the file specified. (0x2)
[1221/104352.740:ERROR:filesystem_win.cc(116)] GetFileAttributes C:\Users\matth\AppData\Local\Google\Chrome\User Data\Crashpad\reports\7e43c924-90dc-4ba7-b77a-a65be5fa036d.dmp: The system cannot find the file specified. (0x2)
[1221/104352.740:ERROR:filesystem_win.cc(116)] GetFileAttributes C:\Users\matth\AppData\Local\Google\Chrome\User Data\Crashpad\reports\47ab8228-e052-4c60-ba62-cb61e393e46e.dmp: The system cannot find the file specified. (0x2)
[1221/104352.740:ERROR:directory_reader_win.cc(43)] FindFirstFile: The system cannot find the path specified. (0x3)
